IP Upgrade report for FishingGame
Thu Jun 20 15:32:02 2024
Quartus Prime Version 16.1.0 Build 196 10/24/2016 SJ Lite Edition


---------------------
; Table of Contents ;
---------------------
  1. Legal Notice
  2. IP Upgrade Summary
  3. Successfully Upgraded IP Components
  4. IP Upgrade Messages



----------------
; Legal Notice ;
----------------
Copyright (C) 2016  Intel Corporation. All rights reserved.
Your use of Intel Corporation's design tools, logic functions 
and other software and tools, and its AMPP partner logic 
functions, and any output files from any of the foregoing 
(including device programming or simulation files), and any 
associated documentation or information are expressly subject 
to the terms and conditions of the Intel Program License 
Subscription Agreement, the Intel Quartus Prime License Agreement,
the Intel MegaCore Function License Agreement, or other 
applicable license agreement, including, without limitation, 
that your use is for the sole purpose of programming logic 
devices manufactured by Intel and sold by Intel or its 
authorized distributors.  Please refer to the applicable 
agreement for further details.



+----------------------------------------------------------------------------+
; IP Upgrade Summary                                                         ;
+------------------------------+---------------------------------------------+
; IP Components Upgrade Status ; Passed - Thu Jun 20 15:32:02 2024           ;
; Quartus Prime Version        ; 16.1.0 Build 196 10/24/2016 SJ Lite Edition ;
; Revision Name                ; FishingGame                                 ;
; Top-level Entity Name        ; DE10_LITE_Default                           ;
; Family                       ; MAX 10                                      ;
+------------------------------+---------------------------------------------+


+----------------------------------------------------------------------------------------------------------------------+
; Successfully Upgraded IP Components                                                                                  ;
+---------------+----------------+---------+----------------------+----------------------+-------------------+---------+
; Entity Name   ; Component Name ; Version ; Original Source File ; Generation File Path ; New Source File   ; Message ;
+---------------+----------------+---------+----------------------+----------------------+-------------------+---------+
; VGA_Audio_PLL ; ALTPLL         ; 16.0    ; VGA_Audio_PLL.qip    ; VGA_Audio_PLL.v      ; VGA_Audio_PLL.qip ;         ;
+---------------+----------------+---------+----------------------+----------------------+-------------------+---------+


+---------------------+
; IP Upgrade Messages ;
+---------------------+
Info (11902): Backing up file "VGA_Audio_PLL.v" to "VGA_Audio_PLL.BAK.v"
Info (11837): Started upgrading IP component ALTPLL with file "VGA_Audio_PLL.v"
Info (11131): Completed upgrading IP component ALTPLL with file "VGA_Audio_PLL.v"
Info (23030): Evaluation of Tcl script f:/quartusstuff/quartus/quartus/common/tcl/internal/ip_regen/ip_regen.tcl was successful
Info: Quartus Prime Shell was successful. 0 errors, 0 warnings
    Info: Peak virtual memory: 4851 megabytes
    Info: Processing ended: Thu Jun 20 15:32:02 2024
    Info: Elapsed time: 00:00:10
    Info: Total CPU time (on all processors): 00:00:21


